-------------------------------------------------------------------------------
Test set: Account Types
-------------------------------------------------------------------------------
Tests run: 2, Failures: 1, Errors: 0, Skipped: 0, Time elapsed: 25.809 s <<< FAILURE! - in Account Types
Account Types.Developer User  Time elapsed: 11.081 s  <<< FAILURE!
java.lang.AssertionError
	at org.junit.Assert.fail(Assert.java:87)
	at org.junit.Assert.assertTrue(Assert.java:42)
	at org.junit.Assert.assertTrue(Assert.java:53)
	at com.eurotechStudy.step_definitions.LoginStepDefs.theUserShouldBeAbleToLoginAndSeeMessage(LoginStepDefs.java:65)
	at âœ½.the user should be able to login and see message "oykhhhhhhhh"(file:///Users/erhanilgar/IdeaProjects/seleniumProject/src/main/MotorolaCucumber/src/test/resources/features/AccountTypes.feature:17)

